  Continent.cpp
C:\Users\ruksm\Documents\University\Fall 2022\COMP 345\A1\COMP 345 - Assignment 1\Coord.h(14,8): error C2143: syntax error: missing ';' before '&'
C:\Users\ruksm\Documents\University\Fall 2022\COMP 345\A1\COMP 345 - Assignment 1\Coord.h(14,8): error C4430: missing type specifier - int assumed. Note: C++ does not support default-int
C:\Users\ruksm\Documents\University\Fall 2022\COMP 345\A1\COMP 345 - Assignment 1\Coord.h(14,28): error C2473: 'operator <<': looks like a function definition, but there is no parameter list.
C:\Users\ruksm\Documents\University\Fall 2022\COMP 345\A1\COMP 345 - Assignment 1\Coord.h(14,28): error C4430: missing type specifier - int assumed. Note: C++ does not support default-int
C:\Users\ruksm\Documents\University\Fall 2022\COMP 345\A1\COMP 345 - Assignment 1\Coord.h(14,30): error C2065: 'os': undeclared identifier
C:\Users\ruksm\Documents\University\Fall 2022\COMP 345\A1\COMP 345 - Assignment 1\Coord.h(14,34): error C2059: syntax error: 'const'
C:\Users\ruksm\Documents\University\Fall 2022\COMP 345\A1\COMP 345 - Assignment 1\Territory.h(39,8): error C2143: syntax error: missing ';' before '&'
C:\Users\ruksm\Documents\University\Fall 2022\COMP 345\A1\COMP 345 - Assignment 1\Territory.h(39,8): error C4430: missing type specifier - int assumed. Note: C++ does not support default-int
C:\Users\ruksm\Documents\University\Fall 2022\COMP 345\A1\COMP 345 - Assignment 1\Territory.h(39,1): error C2086: 'int ostream': redefinition
C:\Users\ruksm\Documents\University\Fall 2022\COMP 345\A1\COMP 345 - Assignment 1\Coord.h(14): message : see declaration of 'ostream'
C:\Users\ruksm\Documents\University\Fall 2022\COMP 345\A1\COMP 345 - Assignment 1\Territory.h(39,28): error C2473: 'operator <<': looks like a function definition, but there is no parameter list.
C:\Users\ruksm\Documents\University\Fall 2022\COMP 345\A1\COMP 345 - Assignment 1\Territory.h(39,28): error C4430: missing type specifier - int assumed. Note: C++ does not support default-int
C:\Users\ruksm\Documents\University\Fall 2022\COMP 345\A1\COMP 345 - Assignment 1\Territory.h(39,10): error C2374: '<<': redefinition; multiple initialization
C:\Users\ruksm\Documents\University\Fall 2022\COMP 345\A1\COMP 345 - Assignment 1\Coord.h(14): message : see declaration of '<<'
C:\Users\ruksm\Documents\University\Fall 2022\COMP 345\A1\COMP 345 - Assignment 1\Territory.h(39,30): error C2065: 'os': undeclared identifier
C:\Users\ruksm\Documents\University\Fall 2022\COMP 345\A1\COMP 345 - Assignment 1\Territory.h(39,34): error C2059: syntax error: 'const'
C:\Users\ruksm\Documents\University\Fall 2022\COMP 345\A1\COMP 345 - Assignment 1\Continent.h(10,12): error C2874: using-declaration causes a multiple declaration of 'ostream'
C:\Users\ruksm\Documents\University\Fall 2022\COMP 345\A1\COMP 345 - Assignment 1\Coord.h(14): message : see declaration of 'ostream'
C:\Users\ruksm\Documents\University\Fall 2022\COMP 345\A1\COMP 345 - Assignment 1\Continent.h(53,8): error C2143: syntax error: missing ';' before '&'
C:\Users\ruksm\Documents\University\Fall 2022\COMP 345\A1\COMP 345 - Assignment 1\Continent.h(53,8): error C4430: missing type specifier - int assumed. Note: C++ does not support default-int
C:\Users\ruksm\Documents\University\Fall 2022\COMP 345\A1\COMP 345 - Assignment 1\Continent.h(53,1): error C2086: 'int ostream': redefinition
C:\Users\ruksm\Documents\University\Fall 2022\COMP 345\A1\COMP 345 - Assignment 1\Coord.h(14): message : see declaration of 'ostream'
C:\Users\ruksm\Documents\University\Fall 2022\COMP 345\A1\COMP 345 - Assignment 1\Continent.h(53,28): error C2473: 'operator <<': looks like a function definition, but there is no parameter list.
C:\Users\ruksm\Documents\University\Fall 2022\COMP 345\A1\COMP 345 - Assignment 1\Continent.h(53,28): error C4430: missing type specifier - int assumed. Note: C++ does not support default-int
C:\Users\ruksm\Documents\University\Fall 2022\COMP 345\A1\COMP 345 - Assignment 1\Continent.h(53,10): error C2374: '<<': redefinition; multiple initialization
C:\Users\ruksm\Documents\University\Fall 2022\COMP 345\A1\COMP 345 - Assignment 1\Coord.h(14): message : see declaration of '<<'
C:\Users\ruksm\Documents\University\Fall 2022\COMP 345\A1\COMP 345 - Assignment 1\Continent.h(53,30): error C2065: 'os': undeclared identifier
C:\Users\ruksm\Documents\University\Fall 2022\COMP 345\A1\COMP 345 - Assignment 1\Continent.h(53,34): error C2059: syntax error: 'const'
C:\Users\ruksm\Documents\University\Fall 2022\COMP 345\A1\COMP 345 - Assignment 1\Continent.cpp(26,8): error C2872: 'ostream': ambiguous symbol
C:\Users\ruksm\Documents\University\Fall 2022\COMP 345\A1\COMP 345 - Assignment 1\Coord.h(14,1): message : could be 'int ostream'
C:\Program Files\Microsoft Visual Studio\2022\Community\VC\Tools\MSVC\14.33.31629\include\iosfwd(236,7): message : or       'std::ostream'
C:\Users\ruksm\Documents\University\Fall 2022\COMP 345\A1\COMP 345 - Assignment 1\Continent.cpp(26,8): error C2143: syntax error: missing ';' before '&'
C:\Users\ruksm\Documents\University\Fall 2022\COMP 345\A1\COMP 345 - Assignment 1\Continent.cpp(26,8): error C4430: missing type specifier - int assumed. Note: C++ does not support default-int
C:\Users\ruksm\Documents\University\Fall 2022\COMP 345\A1\COMP 345 - Assignment 1\Continent.cpp(26,1): error C2086: 'int ostream': redefinition
C:\Users\ruksm\Documents\University\Fall 2022\COMP 345\A1\COMP 345 - Assignment 1\Coord.h(14): message : see declaration of 'ostream'
C:\Users\ruksm\Documents\University\Fall 2022\COMP 345\A1\COMP 345 - Assignment 1\Continent.cpp(26,28): error C2872: 'ostream': ambiguous symbol
C:\Users\ruksm\Documents\University\Fall 2022\COMP 345\A1\COMP 345 - Assignment 1\Coord.h(14,1): message : could be 'int ostream'
C:\Program Files\Microsoft Visual Studio\2022\Community\VC\Tools\MSVC\14.33.31629\include\iosfwd(236,7): message : or       'std::ostream'
C:\Users\ruksm\Documents\University\Fall 2022\COMP 345\A1\COMP 345 - Assignment 1\Continent.cpp(26,28): error C2473: 'operator <<': looks like a function definition, but there is no parameter list.
C:\Users\ruksm\Documents\University\Fall 2022\COMP 345\A1\COMP 345 - Assignment 1\Continent.cpp(26,28): error C4430: missing type specifier - int assumed. Note: C++ does not support default-int
C:\Users\ruksm\Documents\University\Fall 2022\COMP 345\A1\COMP 345 - Assignment 1\Continent.cpp(26,10): error C2374: '<<': redefinition; multiple initialization
C:\Users\ruksm\Documents\University\Fall 2022\COMP 345\A1\COMP 345 - Assignment 1\Coord.h(14): message : see declaration of '<<'
C:\Users\ruksm\Documents\University\Fall 2022\COMP 345\A1\COMP 345 - Assignment 1\Continent.cpp(26,30): error C2065: 'os': undeclared identifier
C:\Users\ruksm\Documents\University\Fall 2022\COMP 345\A1\COMP 345 - Assignment 1\Continent.cpp(26,45): error C2065: 'continent': undeclared identifier
C:\Users\ruksm\Documents\University\Fall 2022\COMP 345\A1\COMP 345 - Assignment 1\Continent.cpp(26,34): error C2275: 'Continent': expected an expression instead of a type
C:\Users\ruksm\Documents\University\Fall 2022\COMP 345\A1\COMP 345 - Assignment 1\Continent.cpp(26,56): error C2059: syntax error: '{'
C:\Users\ruksm\Documents\University\Fall 2022\COMP 345\A1\COMP 345 - Assignment 1\Continent.cpp(26,56): error C2143: syntax error: missing ';' before '{'
C:\Users\ruksm\Documents\University\Fall 2022\COMP 345\A1\COMP 345 - Assignment 1\Continent.cpp(26,56): error C2447: '{': missing function header (old-style formal list?)
  Coord.cpp
C:\Users\ruksm\Documents\University\Fall 2022\COMP 345\A1\COMP 345 - Assignment 1\Coord.h(14,8): error C2143: syntax error: missing ';' before '&'
C:\Users\ruksm\Documents\University\Fall 2022\COMP 345\A1\COMP 345 - Assignment 1\Coord.h(14,8): error C4430: missing type specifier - int assumed. Note: C++ does not support default-int
C:\Users\ruksm\Documents\University\Fall 2022\COMP 345\A1\COMP 345 - Assignment 1\Coord.h(14,28): error C2473: 'operator <<': looks like a function definition, but there is no parameter list.
C:\Users\ruksm\Documents\University\Fall 2022\COMP 345\A1\COMP 345 - Assignment 1\Coord.h(14,28): error C4430: missing type specifier - int assumed. Note: C++ does not support default-int
C:\Users\ruksm\Documents\University\Fall 2022\COMP 345\A1\COMP 345 - Assignment 1\Coord.h(14,30): error C2065: 'os': undeclared identifier
C:\Users\ruksm\Documents\University\Fall 2022\COMP 345\A1\COMP 345 - Assignment 1\Coord.h(14,34): error C2059: syntax error: 'const'
  Map.cpp
C:\Users\ruksm\Documents\University\Fall 2022\COMP 345\A1\COMP 345 - Assignment 1\Coord.h(14,8): error C2143: syntax error: missing ';' before '&'
C:\Users\ruksm\Documents\University\Fall 2022\COMP 345\A1\COMP 345 - Assignment 1\Coord.h(14,8): error C4430: missing type specifier - int assumed. Note: C++ does not support default-int
C:\Users\ruksm\Documents\University\Fall 2022\COMP 345\A1\COMP 345 - Assignment 1\Coord.h(14,28): error C2473: 'operator <<': looks like a function definition, but there is no parameter list.
C:\Users\ruksm\Documents\University\Fall 2022\COMP 345\A1\COMP 345 - Assignment 1\Coord.h(14,28): error C4430: missing type specifier - int assumed. Note: C++ does not support default-int
C:\Users\ruksm\Documents\University\Fall 2022\COMP 345\A1\COMP 345 - Assignment 1\Coord.h(14,30): error C2065: 'os': undeclared identifier
C:\Users\ruksm\Documents\University\Fall 2022\COMP 345\A1\COMP 345 - Assignment 1\Coord.h(14,34): error C2059: syntax error: 'const'
C:\Users\ruksm\Documents\University\Fall 2022\COMP 345\A1\COMP 345 - Assignment 1\Territory.h(39,8): error C2143: syntax error: missing ';' before '&'
C:\Users\ruksm\Documents\University\Fall 2022\COMP 345\A1\COMP 345 - Assignment 1\Territory.h(39,8): error C4430: missing type specifier - int assumed. Note: C++ does not support default-int
C:\Users\ruksm\Documents\University\Fall 2022\COMP 345\A1\COMP 345 - Assignment 1\Territory.h(39,1): error C2086: 'int ostream': redefinition
C:\Users\ruksm\Documents\University\Fall 2022\COMP 345\A1\COMP 345 - Assignment 1\Coord.h(14): message : see declaration of 'ostream'
C:\Users\ruksm\Documents\University\Fall 2022\COMP 345\A1\COMP 345 - Assignment 1\Territory.h(39,28): error C2473: 'operator <<': looks like a function definition, but there is no parameter list.
C:\Users\ruksm\Documents\University\Fall 2022\COMP 345\A1\COMP 345 - Assignment 1\Territory.h(39,28): error C4430: missing type specifier - int assumed. Note: C++ does not support default-int
C:\Users\ruksm\Documents\University\Fall 2022\COMP 345\A1\COMP 345 - Assignment 1\Territory.h(39,10): error C2374: '<<': redefinition; multiple initialization
C:\Users\ruksm\Documents\University\Fall 2022\COMP 345\A1\COMP 345 - Assignment 1\Coord.h(14): message : see declaration of '<<'
C:\Users\ruksm\Documents\University\Fall 2022\COMP 345\A1\COMP 345 - Assignment 1\Territory.h(39,30): error C2065: 'os': undeclared identifier
C:\Users\ruksm\Documents\University\Fall 2022\COMP 345\A1\COMP 345 - Assignment 1\Territory.h(39,34): error C2059: syntax error: 'const'
C:\Users\ruksm\Documents\University\Fall 2022\COMP 345\A1\COMP 345 - Assignment 1\Continent.h(10,12): error C2874: using-declaration causes a multiple declaration of 'ostream'
C:\Users\ruksm\Documents\University\Fall 2022\COMP 345\A1\COMP 345 - Assignment 1\Coord.h(14): message : see declaration of 'ostream'
C:\Users\ruksm\Documents\University\Fall 2022\COMP 345\A1\COMP 345 - Assignment 1\Continent.h(53,8): error C2143: syntax error: missing ';' before '&'
C:\Users\ruksm\Documents\University\Fall 2022\COMP 345\A1\COMP 345 - Assignment 1\Continent.h(53,8): error C4430: missing type specifier - int assumed. Note: C++ does not support default-int
C:\Users\ruksm\Documents\University\Fall 2022\COMP 345\A1\COMP 345 - Assignment 1\Continent.h(53,1): error C2086: 'int ostream': redefinition
C:\Users\ruksm\Documents\University\Fall 2022\COMP 345\A1\COMP 345 - Assignment 1\Coord.h(14): message : see declaration of 'ostream'
C:\Users\ruksm\Documents\University\Fall 2022\COMP 345\A1\COMP 345 - Assignment 1\Continent.h(53,28): error C2473: 'operator <<': looks like a function definition, but there is no parameter list.
C:\Users\ruksm\Documents\University\Fall 2022\COMP 345\A1\COMP 345 - Assignment 1\Continent.h(53,28): error C4430: missing type specifier - int assumed. Note: C++ does not support default-int
C:\Users\ruksm\Documents\University\Fall 2022\COMP 345\A1\COMP 345 - Assignment 1\Continent.h(53,10): error C2374: '<<': redefinition; multiple initialization
C:\Users\ruksm\Documents\University\Fall 2022\COMP 345\A1\COMP 345 - Assignment 1\Coord.h(14): message : see declaration of '<<'
C:\Users\ruksm\Documents\University\Fall 2022\COMP 345\A1\COMP 345 - Assignment 1\Continent.h(53,30): error C2065: 'os': undeclared identifier
C:\Users\ruksm\Documents\University\Fall 2022\COMP 345\A1\COMP 345 - Assignment 1\Continent.h(53,34): error C2059: syntax error: 'const'
C:\Users\ruksm\Documents\University\Fall 2022\COMP 345\A1\COMP 345 - Assignment 1\Map.h(59,8): error C2143: syntax error: missing ';' before '&'
C:\Users\ruksm\Documents\University\Fall 2022\COMP 345\A1\COMP 345 - Assignment 1\Map.h(59,8): error C4430: missing type specifier - int assumed. Note: C++ does not support default-int
C:\Users\ruksm\Documents\University\Fall 2022\COMP 345\A1\COMP 345 - Assignment 1\Map.h(59,1): error C2086: 'int ostream': redefinition
C:\Users\ruksm\Documents\University\Fall 2022\COMP 345\A1\COMP 345 - Assignment 1\Coord.h(14): message : see declaration of 'ostream'
C:\Users\ruksm\Documents\University\Fall 2022\COMP 345\A1\COMP 345 - Assignment 1\Map.h(59,28): error C2473: 'operator <<': looks like a function definition, but there is no parameter list.
C:\Users\ruksm\Documents\University\Fall 2022\COMP 345\A1\COMP 345 - Assignment 1\Map.h(59,28): error C4430: missing type specifier - int assumed. Note: C++ does not support default-int
C:\Users\ruksm\Documents\University\Fall 2022\COMP 345\A1\COMP 345 - Assignment 1\Map.h(59,10): error C2374: '<<': redefinition; multiple initialization
C:\Users\ruksm\Documents\University\Fall 2022\COMP 345\A1\COMP 345 - Assignment 1\Coord.h(14): message : see declaration of '<<'
C:\Users\ruksm\Documents\University\Fall 2022\COMP 345\A1\COMP 345 - Assignment 1\Map.h(59,30): error C2065: 'os': undeclared identifier
C:\Users\ruksm\Documents\University\Fall 2022\COMP 345\A1\COMP 345 - Assignment 1\Map.h(59,34): error C2059: syntax error: 'const'
C:\Users\ruksm\Documents\University\Fall 2022\COMP 345\A1\COMP 345 - Assignment 1\Map.cpp(22,36): warning C4458: declaration of 'author' hides class member
C:\Users\ruksm\Documents\University\Fall 2022\COMP 345\A1\COMP 345 - Assignment 1\Map.h(38,9): message : see declaration of 'Map::author'
C:\Users\ruksm\Documents\University\Fall 2022\COMP 345\A1\COMP 345 - Assignment 1\Map.cpp(30,42): warning C4458: declaration of 'imageFile' hides class member
C:\Users\ruksm\Documents\University\Fall 2022\COMP 345\A1\COMP 345 - Assignment 1\Map.h(39,9): message : see declaration of 'Map::imageFile'
C:\Users\ruksm\Documents\University\Fall 2022\COMP 345\A1\COMP 345 - Assignment 1\Map.cpp(40,23): error C2872: '<<': ambiguous symbol
C:\Users\ruksm\Documents\University\Fall 2022\COMP 345\A1\COMP 345 - Assignment 1\Coord.h(14,10): message : could be 'int &<<'
C:\Users\ruksm\Documents\University\Fall 2022\COMP 345\A1\COMP 345 - Assignment 1\Map.cpp(40,23): message : or       '<<'
C:\Users\ruksm\Documents\University\Fall 2022\COMP 345\A1\COMP 345 - Assignment 1\Map.cpp(40,23): fatal  error C1903: unable to recover from previous error(s); stopping compilation
  MapDriver.cpp
C:\Users\ruksm\Documents\University\Fall 2022\COMP 345\A1\COMP 345 - Assignment 1\Coord.h(14,8): error C2143: syntax error: missing ';' before '&'
C:\Users\ruksm\Documents\University\Fall 2022\COMP 345\A1\COMP 345 - Assignment 1\Coord.h(14,8): error C4430: missing type specifier - int assumed. Note: C++ does not support default-int
C:\Users\ruksm\Documents\University\Fall 2022\COMP 345\A1\COMP 345 - Assignment 1\Coord.h(14,28): error C2473: 'operator <<': looks like a function definition, but there is no parameter list.
C:\Users\ruksm\Documents\University\Fall 2022\COMP 345\A1\COMP 345 - Assignment 1\Coord.h(14,28): error C4430: missing type specifier - int assumed. Note: C++ does not support default-int
C:\Users\ruksm\Documents\University\Fall 2022\COMP 345\A1\COMP 345 - Assignment 1\Coord.h(14,30): error C2065: 'os': undeclared identifier
C:\Users\ruksm\Documents\University\Fall 2022\COMP 345\A1\COMP 345 - Assignment 1\Coord.h(14,34): error C2059: syntax error: 'const'
C:\Users\ruksm\Documents\University\Fall 2022\COMP 345\A1\COMP 345 - Assignment 1\Territory.h(39,8): error C2143: syntax error: missing ';' before '&'
C:\Users\ruksm\Documents\University\Fall 2022\COMP 345\A1\COMP 345 - Assignment 1\Territory.h(39,8): error C4430: missing type specifier - int assumed. Note: C++ does not support default-int
C:\Users\ruksm\Documents\University\Fall 2022\COMP 345\A1\COMP 345 - Assignment 1\Territory.h(39,1): error C2086: 'int ostream': redefinition
C:\Users\ruksm\Documents\University\Fall 2022\COMP 345\A1\COMP 345 - Assignment 1\Coord.h(14): message : see declaration of 'ostream'
C:\Users\ruksm\Documents\University\Fall 2022\COMP 345\A1\COMP 345 - Assignment 1\Territory.h(39,28): error C2473: 'operator <<': looks like a function definition, but there is no parameter list.
C:\Users\ruksm\Documents\University\Fall 2022\COMP 345\A1\COMP 345 - Assignment 1\Territory.h(39,28): error C4430: missing type specifier - int assumed. Note: C++ does not support default-int
C:\Users\ruksm\Documents\University\Fall 2022\COMP 345\A1\COMP 345 - Assignment 1\Territory.h(39,10): error C2374: '<<': redefinition; multiple initialization
C:\Users\ruksm\Documents\University\Fall 2022\COMP 345\A1\COMP 345 - Assignment 1\Coord.h(14): message : see declaration of '<<'
C:\Users\ruksm\Documents\University\Fall 2022\COMP 345\A1\COMP 345 - Assignment 1\Territory.h(39,30): error C2065: 'os': undeclared identifier
C:\Users\ruksm\Documents\University\Fall 2022\COMP 345\A1\COMP 345 - Assignment 1\Territory.h(39,34): error C2059: syntax error: 'const'
C:\Users\ruksm\Documents\University\Fall 2022\COMP 345\A1\COMP 345 - Assignment 1\Continent.h(10,12): error C2874: using-declaration causes a multiple declaration of 'ostream'
C:\Users\ruksm\Documents\University\Fall 2022\COMP 345\A1\COMP 345 - Assignment 1\Coord.h(14): message : see declaration of 'ostream'
C:\Users\ruksm\Documents\University\Fall 2022\COMP 345\A1\COMP 345 - Assignment 1\Continent.h(53,8): error C2143: syntax error: missing ';' before '&'
C:\Users\ruksm\Documents\University\Fall 2022\COMP 345\A1\COMP 345 - Assignment 1\Continent.h(53,8): error C4430: missing type specifier - int assumed. Note: C++ does not support default-int
C:\Users\ruksm\Documents\University\Fall 2022\COMP 345\A1\COMP 345 - Assignment 1\Continent.h(53,1): error C2086: 'int ostream': redefinition
C:\Users\ruksm\Documents\University\Fall 2022\COMP 345\A1\COMP 345 - Assignment 1\Coord.h(14): message : see declaration of 'ostream'
C:\Users\ruksm\Documents\University\Fall 2022\COMP 345\A1\COMP 345 - Assignment 1\Continent.h(53,28): error C2473: 'operator <<': looks like a function definition, but there is no parameter list.
C:\Users\ruksm\Documents\University\Fall 2022\COMP 345\A1\COMP 345 - Assignment 1\Continent.h(53,28): error C4430: missing type specifier - int assumed. Note: C++ does not support default-int
C:\Users\ruksm\Documents\University\Fall 2022\COMP 345\A1\COMP 345 - Assignment 1\Continent.h(53,10): error C2374: '<<': redefinition; multiple initialization
C:\Users\ruksm\Documents\University\Fall 2022\COMP 345\A1\COMP 345 - Assignment 1\Coord.h(14): message : see declaration of '<<'
C:\Users\ruksm\Documents\University\Fall 2022\COMP 345\A1\COMP 345 - Assignment 1\Continent.h(53,30): error C2065: 'os': undeclared identifier
C:\Users\ruksm\Documents\University\Fall 2022\COMP 345\A1\COMP 345 - Assignment 1\Continent.h(53,34): error C2059: syntax error: 'const'
C:\Users\ruksm\Documents\University\Fall 2022\COMP 345\A1\COMP 345 - Assignment 1\Map.h(59,8): error C2143: syntax error: missing ';' before '&'
C:\Users\ruksm\Documents\University\Fall 2022\COMP 345\A1\COMP 345 - Assignment 1\Map.h(59,8): error C4430: missing type specifier - int assumed. Note: C++ does not support default-int
C:\Users\ruksm\Documents\University\Fall 2022\COMP 345\A1\COMP 345 - Assignment 1\Map.h(59,1): error C2086: 'int ostream': redefinition
C:\Users\ruksm\Documents\University\Fall 2022\COMP 345\A1\COMP 345 - Assignment 1\Coord.h(14): message : see declaration of 'ostream'
C:\Users\ruksm\Documents\University\Fall 2022\COMP 345\A1\COMP 345 - Assignment 1\Map.h(59,28): error C2473: 'operator <<': looks like a function definition, but there is no parameter list.
C:\Users\ruksm\Documents\University\Fall 2022\COMP 345\A1\COMP 345 - Assignment 1\Map.h(59,28): error C4430: missing type specifier - int assumed. Note: C++ does not support default-int
C:\Users\ruksm\Documents\University\Fall 2022\COMP 345\A1\COMP 345 - Assignment 1\Map.h(59,10): error C2374: '<<': redefinition; multiple initialization
C:\Users\ruksm\Documents\University\Fall 2022\COMP 345\A1\COMP 345 - Assignment 1\Coord.h(14): message : see declaration of '<<'
C:\Users\ruksm\Documents\University\Fall 2022\COMP 345\A1\COMP 345 - Assignment 1\Map.h(59,30): error C2065: 'os': undeclared identifier
C:\Users\ruksm\Documents\University\Fall 2022\COMP 345\A1\COMP 345 - Assignment 1\Map.h(59,34): error C2059: syntax error: 'const'
C:\Users\ruksm\Documents\University\Fall 2022\COMP 345\A1\COMP 345 - Assignment 1\MapLoader.h(66,8): error C2143: syntax error: missing ';' before '&'
C:\Users\ruksm\Documents\University\Fall 2022\COMP 345\A1\COMP 345 - Assignment 1\MapLoader.h(66,8): error C4430: missing type specifier - int assumed. Note: C++ does not support default-int
C:\Users\ruksm\Documents\University\Fall 2022\COMP 345\A1\COMP 345 - Assignment 1\MapLoader.h(66,1): error C2086: 'int ostream': redefinition
C:\Users\ruksm\Documents\University\Fall 2022\COMP 345\A1\COMP 345 - Assignment 1\Coord.h(14): message : see declaration of 'ostream'
C:\Users\ruksm\Documents\University\Fall 2022\COMP 345\A1\COMP 345 - Assignment 1\MapLoader.h(66,28): error C2473: 'operator <<': looks like a function definition, but there is no parameter list.
C:\Users\ruksm\Documents\University\Fall 2022\COMP 345\A1\COMP 345 - Assignment 1\MapLoader.h(66,28): error C4430: missing type specifier - int assumed. Note: C++ does not support default-int
C:\Users\ruksm\Documents\University\Fall 2022\COMP 345\A1\COMP 345 - Assignment 1\MapLoader.h(66,10): error C2374: '<<': redefinition; multiple initialization
C:\Users\ruksm\Documents\University\Fall 2022\COMP 345\A1\COMP 345 - Assignment 1\Coord.h(14): message : see declaration of '<<'
C:\Users\ruksm\Documents\University\Fall 2022\COMP 345\A1\COMP 345 - Assignment 1\MapLoader.h(66,30): error C2065: 'os': undeclared identifier
C:\Users\ruksm\Documents\University\Fall 2022\COMP 345\A1\COMP 345 - Assignment 1\MapLoader.h(66,34): error C2059: syntax error: 'const'
C:\Users\ruksm\Documents\University\Fall 2022\COMP 345\A1\COMP 345 - Assignment 1\MapDriver.cpp(10,10): warning C4067: unexpected tokens following preprocessor directive - expected a newline
C:\Users\ruksm\Documents\University\Fall 2022\COMP 345\A1\COMP 345 - Assignment 1\MapDriver.h(28,8): error C2143: syntax error: missing ';' before '&'
C:\Users\ruksm\Documents\University\Fall 2022\COMP 345\A1\COMP 345 - Assignment 1\MapDriver.h(28,8): error C4430: missing type specifier - int assumed. Note: C++ does not support default-int
C:\Users\ruksm\Documents\University\Fall 2022\COMP 345\A1\COMP 345 - Assignment 1\MapDriver.h(28,1): error C2086: 'int ostream': redefinition
C:\Users\ruksm\Documents\University\Fall 2022\COMP 345\A1\COMP 345 - Assignment 1\Coord.h(14): message : see declaration of 'ostream'
C:\Users\ruksm\Documents\University\Fall 2022\COMP 345\A1\COMP 345 - Assignment 1\MapDriver.h(28,28): error C2473: 'operator <<': looks like a function definition, but there is no parameter list.
C:\Users\ruksm\Documents\University\Fall 2022\COMP 345\A1\COMP 345 - Assignment 1\MapDriver.h(28,28): error C4430: missing type specifier - int assumed. Note: C++ does not support default-int
C:\Users\ruksm\Documents\University\Fall 2022\COMP 345\A1\COMP 345 - Assignment 1\MapDriver.h(28,10): error C2374: '<<': redefinition; multiple initialization
C:\Users\ruksm\Documents\University\Fall 2022\COMP 345\A1\COMP 345 - Assignment 1\Coord.h(14): message : see declaration of '<<'
C:\Users\ruksm\Documents\University\Fall 2022\COMP 345\A1\COMP 345 - Assignment 1\MapDriver.h(28,30): error C2065: 'os': undeclared identifier
C:\Users\ruksm\Documents\University\Fall 2022\COMP 345\A1\COMP 345 - Assignment 1\MapDriver.h(28,34): error C2059: syntax error: 'const'
C:\Users\ruksm\Documents\University\Fall 2022\COMP 345\A1\COMP 345 - Assignment 1\MapDriver.cpp(35,29): error C2872: '<<': ambiguous symbol
C:\Users\ruksm\Documents\University\Fall 2022\COMP 345\A1\COMP 345 - Assignment 1\Coord.h(14,10): message : could be 'int &<<'
C:\Users\ruksm\Documents\University\Fall 2022\COMP 345\A1\COMP 345 - Assignment 1\MapDriver.cpp(35,29): message : or       '<<'
C:\Users\ruksm\Documents\University\Fall 2022\COMP 345\A1\COMP 345 - Assignment 1\MapDriver.cpp(35,29): fatal  error C1903: unable to recover from previous error(s); stopping compilation
  MapLoader.cpp
C:\Users\ruksm\Documents\University\Fall 2022\COMP 345\A1\COMP 345 - Assignment 1\Coord.h(14,8): error C2143: syntax error: missing ';' before '&'
C:\Users\ruksm\Documents\University\Fall 2022\COMP 345\A1\COMP 345 - Assignment 1\Coord.h(14,8): error C4430: missing type specifier - int assumed. Note: C++ does not support default-int
C:\Users\ruksm\Documents\University\Fall 2022\COMP 345\A1\COMP 345 - Assignment 1\Coord.h(14,28): error C2473: 'operator <<': looks like a function definition, but there is no parameter list.
C:\Users\ruksm\Documents\University\Fall 2022\COMP 345\A1\COMP 345 - Assignment 1\Coord.h(14,28): error C4430: missing type specifier - int assumed. Note: C++ does not support default-int
C:\Users\ruksm\Documents\University\Fall 2022\COMP 345\A1\COMP 345 - Assignment 1\Coord.h(14,30): error C2065: 'os': undeclared identifier
C:\Users\ruksm\Documents\University\Fall 2022\COMP 345\A1\COMP 345 - Assignment 1\Coord.h(14,34): error C2059: syntax error: 'const'
C:\Users\ruksm\Documents\University\Fall 2022\COMP 345\A1\COMP 345 - Assignment 1\Territory.h(39,8): error C2143: syntax error: missing ';' before '&'
C:\Users\ruksm\Documents\University\Fall 2022\COMP 345\A1\COMP 345 - Assignment 1\Territory.h(39,8): error C4430: missing type specifier - int assumed. Note: C++ does not support default-int
C:\Users\ruksm\Documents\University\Fall 2022\COMP 345\A1\COMP 345 - Assignment 1\Territory.h(39,1): error C2086: 'int ostream': redefinition
C:\Users\ruksm\Documents\University\Fall 2022\COMP 345\A1\COMP 345 - Assignment 1\Coord.h(14): message : see declaration of 'ostream'
C:\Users\ruksm\Documents\University\Fall 2022\COMP 345\A1\COMP 345 - Assignment 1\Territory.h(39,28): error C2473: 'operator <<': looks like a function definition, but there is no parameter list.
C:\Users\ruksm\Documents\University\Fall 2022\COMP 345\A1\COMP 345 - Assignment 1\Territory.h(39,28): error C4430: missing type specifier - int assumed. Note: C++ does not support default-int
C:\Users\ruksm\Documents\University\Fall 2022\COMP 345\A1\COMP 345 - Assignment 1\Territory.h(39,10): error C2374: '<<': redefinition; multiple initialization
C:\Users\ruksm\Documents\University\Fall 2022\COMP 345\A1\COMP 345 - Assignment 1\Coord.h(14): message : see declaration of '<<'
C:\Users\ruksm\Documents\University\Fall 2022\COMP 345\A1\COMP 345 - Assignment 1\Territory.h(39,30): error C2065: 'os': undeclared identifier
C:\Users\ruksm\Documents\University\Fall 2022\COMP 345\A1\COMP 345 - Assignment 1\Territory.h(39,34): error C2059: syntax error: 'const'
C:\Users\ruksm\Documents\University\Fall 2022\COMP 345\A1\COMP 345 - Assignment 1\Continent.h(10,12): error C2874: using-declaration causes a multiple declaration of 'ostream'
C:\Users\ruksm\Documents\University\Fall 2022\COMP 345\A1\COMP 345 - Assignment 1\Coord.h(14): message : see declaration of 'ostream'
C:\Users\ruksm\Documents\University\Fall 2022\COMP 345\A1\COMP 345 - Assignment 1\Continent.h(53,8): error C2143: syntax error: missing ';' before '&'
C:\Users\ruksm\Documents\University\Fall 2022\COMP 345\A1\COMP 345 - Assignment 1\Continent.h(53,8): error C4430: missing type specifier - int assumed. Note: C++ does not support default-int
C:\Users\ruksm\Documents\University\Fall 2022\COMP 345\A1\COMP 345 - Assignment 1\Continent.h(53,1): error C2086: 'int ostream': redefinition
C:\Users\ruksm\Documents\University\Fall 2022\COMP 345\A1\COMP 345 - Assignment 1\Coord.h(14): message : see declaration of 'ostream'
C:\Users\ruksm\Documents\University\Fall 2022\COMP 345\A1\COMP 345 - Assignment 1\Continent.h(53,28): error C2473: 'operator <<': looks like a function definition, but there is no parameter list.
C:\Users\ruksm\Documents\University\Fall 2022\COMP 345\A1\COMP 345 - Assignment 1\Continent.h(53,28): error C4430: missing type specifier - int assumed. Note: C++ does not support default-int
C:\Users\ruksm\Documents\University\Fall 2022\COMP 345\A1\COMP 345 - Assignment 1\Continent.h(53,10): error C2374: '<<': redefinition; multiple initialization
C:\Users\ruksm\Documents\University\Fall 2022\COMP 345\A1\COMP 345 - Assignment 1\Coord.h(14): message : see declaration of '<<'
C:\Users\ruksm\Documents\University\Fall 2022\COMP 345\A1\COMP 345 - Assignment 1\Continent.h(53,30): error C2065: 'os': undeclared identifier
C:\Users\ruksm\Documents\University\Fall 2022\COMP 345\A1\COMP 345 - Assignment 1\Continent.h(53,34): error C2059: syntax error: 'const'
C:\Users\ruksm\Documents\University\Fall 2022\COMP 345\A1\COMP 345 - Assignment 1\Map.h(59,8): error C2143: syntax error: missing ';' before '&'
C:\Users\ruksm\Documents\University\Fall 2022\COMP 345\A1\COMP 345 - Assignment 1\Map.h(59,8): error C4430: missing type specifier - int assumed. Note: C++ does not support default-int
C:\Users\ruksm\Documents\University\Fall 2022\COMP 345\A1\COMP 345 - Assignment 1\Map.h(59,1): error C2086: 'int ostream': redefinition
C:\Users\ruksm\Documents\University\Fall 2022\COMP 345\A1\COMP 345 - Assignment 1\Coord.h(14): message : see declaration of 'ostream'
C:\Users\ruksm\Documents\University\Fall 2022\COMP 345\A1\COMP 345 - Assignment 1\Map.h(59,28): error C2473: 'operator <<': looks like a function definition, but there is no parameter list.
C:\Users\ruksm\Documents\University\Fall 2022\COMP 345\A1\COMP 345 - Assignment 1\Map.h(59,28): error C4430: missing type specifier - int assumed. Note: C++ does not support default-int
C:\Users\ruksm\Documents\University\Fall 2022\COMP 345\A1\COMP 345 - Assignment 1\Map.h(59,10): error C2374: '<<': redefinition; multiple initialization
C:\Users\ruksm\Documents\University\Fall 2022\COMP 345\A1\COMP 345 - Assignment 1\Coord.h(14): message : see declaration of '<<'
C:\Users\ruksm\Documents\University\Fall 2022\COMP 345\A1\COMP 345 - Assignment 1\Map.h(59,30): error C2065: 'os': undeclared identifier
C:\Users\ruksm\Documents\University\Fall 2022\COMP 345\A1\COMP 345 - Assignment 1\Map.h(59,34): error C2059: syntax error: 'const'
C:\Users\ruksm\Documents\University\Fall 2022\COMP 345\A1\COMP 345 - Assignment 1\MapLoader.h(66,8): error C2143: syntax error: missing ';' before '&'
C:\Users\ruksm\Documents\University\Fall 2022\COMP 345\A1\COMP 345 - Assignment 1\MapLoader.h(66,8): error C4430: missing type specifier - int assumed. Note: C++ does not support default-int
C:\Users\ruksm\Documents\University\Fall 2022\COMP 345\A1\COMP 345 - Assignment 1\MapLoader.h(66,1): error C2086: 'int ostream': redefinition
C:\Users\ruksm\Documents\University\Fall 2022\COMP 345\A1\COMP 345 - Assignment 1\Coord.h(14): message : see declaration of 'ostream'
C:\Users\ruksm\Documents\University\Fall 2022\COMP 345\A1\COMP 345 - Assignment 1\MapLoader.h(66,28): error C2473: 'operator <<': looks like a function definition, but there is no parameter list.
C:\Users\ruksm\Documents\University\Fall 2022\COMP 345\A1\COMP 345 - Assignment 1\MapLoader.h(66,28): error C4430: missing type specifier - int assumed. Note: C++ does not support default-int
C:\Users\ruksm\Documents\University\Fall 2022\COMP 345\A1\COMP 345 - Assignment 1\MapLoader.h(66,10): error C2374: '<<': redefinition; multiple initialization
C:\Users\ruksm\Documents\University\Fall 2022\COMP 345\A1\COMP 345 - Assignment 1\Coord.h(14): message : see declaration of '<<'
C:\Users\ruksm\Documents\University\Fall 2022\COMP 345\A1\COMP 345 - Assignment 1\MapLoader.h(66,30): error C2065: 'os': undeclared identifier
C:\Users\ruksm\Documents\University\Fall 2022\COMP 345\A1\COMP 345 - Assignment 1\MapLoader.h(66,34): error C2059: syntax error: 'const'
C:\Users\ruksm\Documents\University\Fall 2022\COMP 345\A1\COMP 345 - Assignment 1\MapLoader.cpp(63,83): error C2872: '<<': ambiguous symbol
C:\Users\ruksm\Documents\University\Fall 2022\COMP 345\A1\COMP 345 - Assignment 1\Coord.h(14,10): message : could be 'int &<<'
C:\Users\ruksm\Documents\University\Fall 2022\COMP 345\A1\COMP 345 - Assignment 1\MapLoader.cpp(63,83): message : or       '<<'
C:\Users\ruksm\Documents\University\Fall 2022\COMP 345\A1\COMP 345 - Assignment 1\MapLoader.cpp(63,83): fatal  error C1903: unable to recover from previous error(s); stopping compilation
  Territory.cpp
C:\Users\ruksm\Documents\University\Fall 2022\COMP 345\A1\COMP 345 - Assignment 1\Coord.h(14,8): error C2143: syntax error: missing ';' before '&'
C:\Users\ruksm\Documents\University\Fall 2022\COMP 345\A1\COMP 345 - Assignment 1\Coord.h(14,8): error C4430: missing type specifier - int assumed. Note: C++ does not support default-int
C:\Users\ruksm\Documents\University\Fall 2022\COMP 345\A1\COMP 345 - Assignment 1\Coord.h(14,28): error C2473: 'operator <<': looks like a function definition, but there is no parameter list.
C:\Users\ruksm\Documents\University\Fall 2022\COMP 345\A1\COMP 345 - Assignment 1\Coord.h(14,28): error C4430: missing type specifier - int assumed. Note: C++ does not support default-int
C:\Users\ruksm\Documents\University\Fall 2022\COMP 345\A1\COMP 345 - Assignment 1\Coord.h(14,30): error C2065: 'os': undeclared identifier
C:\Users\ruksm\Documents\University\Fall 2022\COMP 345\A1\COMP 345 - Assignment 1\Coord.h(14,34): error C2059: syntax error: 'const'
C:\Users\ruksm\Documents\University\Fall 2022\COMP 345\A1\COMP 345 - Assignment 1\Territory.h(39,8): error C2143: syntax error: missing ';' before '&'
C:\Users\ruksm\Documents\University\Fall 2022\COMP 345\A1\COMP 345 - Assignment 1\Territory.h(39,8): error C4430: missing type specifier - int assumed. Note: C++ does not support default-int
C:\Users\ruksm\Documents\University\Fall 2022\COMP 345\A1\COMP 345 - Assignment 1\Territory.h(39,1): error C2086: 'int ostream': redefinition
C:\Users\ruksm\Documents\University\Fall 2022\COMP 345\A1\COMP 345 - Assignment 1\Coord.h(14): message : see declaration of 'ostream'
C:\Users\ruksm\Documents\University\Fall 2022\COMP 345\A1\COMP 345 - Assignment 1\Territory.h(39,28): error C2473: 'operator <<': looks like a function definition, but there is no parameter list.
C:\Users\ruksm\Documents\University\Fall 2022\COMP 345\A1\COMP 345 - Assignment 1\Territory.h(39,28): error C4430: missing type specifier - int assumed. Note: C++ does not support default-int
C:\Users\ruksm\Documents\University\Fall 2022\COMP 345\A1\COMP 345 - Assignment 1\Territory.h(39,10): error C2374: '<<': redefinition; multiple initialization
C:\Users\ruksm\Documents\University\Fall 2022\COMP 345\A1\COMP 345 - Assignment 1\Coord.h(14): message : see declaration of '<<'
C:\Users\ruksm\Documents\University\Fall 2022\COMP 345\A1\COMP 345 - Assignment 1\Territory.h(39,30): error C2065: 'os': undeclared identifier
C:\Users\ruksm\Documents\University\Fall 2022\COMP 345\A1\COMP 345 - Assignment 1\Territory.h(39,34): error C2059: syntax error: 'const'
C:\Users\ruksm\Documents\University\Fall 2022\COMP 345\A1\COMP 345 - Assignment 1\Territory.cpp(43,38): warning C4458: declaration of 'name' hides class member
C:\Users\ruksm\Documents\University\Fall 2022\COMP 345\A1\COMP 345 - Assignment 1\Territory.h(30,9): message : see declaration of 'Territory::name'
C:\Users\ruksm\Documents\University\Fall 2022\COMP 345\A1\COMP 345 - Assignment 1\Territory.cpp(51,48): warning C4458: declaration of 'continent' hides class member
C:\Users\ruksm\Documents\University\Fall 2022\COMP 345\A1\COMP 345 - Assignment 1\Territory.h(32,9): message : see declaration of 'Territory::continent'
  Generating Code...
