c:\users\ruksm\documents\university\fall 2022\comp 345\a1\comp 345 - assignment 1\x64\debug\vc143.pdb
c:\users\ruksm\documents\university\fall 2022\comp 345\a1\comp 345 - assignment 1\x64\debug\vc143.idb
c:\users\ruksm\documents\university\fall 2022\comp 345\a1\comp 345 - assignment 1\x64\debug\territory.obj
c:\users\ruksm\documents\university\fall 2022\comp 345\a1\comp 345 - assignment 1\x64\debug\mapdriver.obj
c:\users\ruksm\documents\university\fall 2022\comp 345\a1\comp 345 - assignment 1\x64\debug\map.obj
c:\users\ruksm\documents\university\fall 2022\comp 345\a1\comp 345 - assignment 1\x64\debug\coord.obj
c:\users\ruksm\documents\university\fall 2022\comp 345\a1\comp 345 - assignment 1\x64\debug\maploader.obj
c:\users\ruksm\documents\university\fall 2022\comp 345\a1\comp 345 - assignment 1\x64\debug\continent.obj
c:\users\ruksm\documents\university\fall 2022\comp 345\a1\comp 345 - assignment 1\x64\debug\comp 345 - assignment 1.exe
c:\users\ruksm\documents\university\fall 2022\comp 345\a1\comp 345 - assignment 1\x64\debug\comp 345 - assignment 1.ilk
c:\users\ruksm\documents\university\fall 2022\comp 345\a1\comp 345 - assignment 1\x64\debug\comp 345 - assignment 1.pdb
c:\users\ruksm\documents\university\fall 2022\comp 345\a1\comp 345 - assignment 1\x64\debug\comp 345.d58f7754.tlog\cl.command.1.tlog
c:\users\ruksm\documents\university\fall 2022\comp 345\a1\comp 345 - assignment 1\x64\debug\comp 345.d58f7754.tlog\cl.read.1.tlog
c:\users\ruksm\documents\university\fall 2022\comp 345\a1\comp 345 - assignment 1\x64\debug\comp 345.d58f7754.tlog\cl.write.1.tlog
c:\users\ruksm\documents\university\fall 2022\comp 345\a1\comp 345 - assignment 1\x64\debug\comp 345.d58f7754.tlog\link.6556-cvtres.read.1.tlog
c:\users\ruksm\documents\university\fall 2022\comp 345\a1\comp 345 - assignment 1\x64\debug\comp 345.d58f7754.tlog\link.6556-cvtres.write.1.tlog
c:\users\ruksm\documents\university\fall 2022\comp 345\a1\comp 345 - assignment 1\x64\debug\comp 345.d58f7754.tlog\link.6556-rc.read.1.tlog
c:\users\ruksm\documents\university\fall 2022\comp 345\a1\comp 345 - assignment 1\x64\debug\comp 345.d58f7754.tlog\link.6556-rc.write.1.tlog
c:\users\ruksm\documents\university\fall 2022\comp 345\a1\comp 345 - assignment 1\x64\debug\comp 345.d58f7754.tlog\link.6556.read.1.tlog
c:\users\ruksm\documents\university\fall 2022\comp 345\a1\comp 345 - assignment 1\x64\debug\comp 345.d58f7754.tlog\link.6556.read.3.tlog
c:\users\ruksm\documents\university\fall 2022\comp 345\a1\comp 345 - assignment 1\x64\debug\comp 345.d58f7754.tlog\link.6556.write.1.tlog
c:\users\ruksm\documents\university\fall 2022\comp 345\a1\comp 345 - assignment 1\x64\debug\comp 345.d58f7754.tlog\link.command.1.tlog
c:\users\ruksm\documents\university\fall 2022\comp 345\a1\comp 345 - assignment 1\x64\debug\comp 345.d58f7754.tlog\link.read.1.tlog
c:\users\ruksm\documents\university\fall 2022\comp 345\a1\comp 345 - assignment 1\x64\debug\comp 345.d58f7754.tlog\link.write.1.tlog
